<?xml version="1.0" encoding="UTF-8"?>
<!-- Generated by org.testng.reporters.JUnitReportReporter -->
<testsuite hostname="DESKTOP-C4CLAPK" failures="0" tests="1" name="login.LoginTest" time="15.009" errors="0" timestamp="2023-09-06T10:07:16 IST" skipped="0">
  <testcase classname="login.LoginTest" name="loginTest" time="15.009"/>
</testsuite> <!-- login.LoginTest -->
